I, [2015-08-17T17:02:57.883132 #5917]  INFO -- empty-ubuntu-1404: -----> Verifying <empty-ubuntu-1404>...
I, [2015-08-17T17:02:57.884103 #5917]  INFO -- empty-ubuntu-1404: Preparing files for transfer
I, [2015-08-17T17:02:58.380112 #5917]  INFO -- empty-ubuntu-1404: -----> Busser installation detected (busser)
I, [2015-08-17T17:02:58.380615 #5917]  INFO -- empty-ubuntu-1404: Installing Busser plugins: busser-serverspec
I, [2015-08-17T17:03:08.994283 #5917]  INFO -- empty-ubuntu-1404: Plugin serverspec already installed
I, [2015-08-17T17:03:09.255771 #5917]  INFO -- empty-ubuntu-1404: Removing /tmp/verifier/suites/serverspec
I, [2015-08-17T17:03:09.265757 #5917]  INFO -- empty-ubuntu-1404: Transferring files to <empty-ubuntu-1404>
I, [2015-08-17T17:03:09.533310 #5917]  INFO -- empty-ubuntu-1404: -----> Running serverspec test suite
I, [2015-08-17T17:03:09.633012 #5917]  INFO -- empty-ubuntu-1404: /opt/chef/embedded/bin/ruby -I/tmp/verifier/suites/serverspec -I/tmp/verifier/gems/gems/rspec-support-3.3.0/lib:/tmp/verifier/gems/gems/rspec-core-3.3.2/lib /opt/chef/embedded/bin/rspec --pattern /tmp/verifier/suites/serverspec/\*\*/\*_spec.rb --color --format documentation --default-path /tmp/verifier/suites/serverspec
I, [2015-08-17T17:03:10.027059 #5917]  INFO -- empty-ubuntu-1404: 
I, [2015-08-17T17:03:10.027539 #5917]  INFO -- empty-ubuntu-1404: Command "kitchen version"
I, [2015-08-17T17:03:10.028107 #5917]  INFO -- empty-ubuntu-1404:   exit_status
I, [2015-08-17T17:03:10.407070 #5917]  INFO -- empty-ubuntu-1404: [32m    should eq 0[0m
I, [2015-08-17T17:03:10.407695 #5917]  INFO -- empty-ubuntu-1404: 
I, [2015-08-17T17:03:10.408222 #5917]  INFO -- empty-ubuntu-1404: Command "kitchen version"
I, [2015-08-17T17:03:10.408831 #5917]  INFO -- empty-ubuntu-1404:   stdout
I, [2015-08-17T17:03:10.658505 #5917]  INFO -- empty-ubuntu-1404: [32m    should contain "1.4.2"[0m
I, [2015-08-17T17:03:10.659280 #5917]  INFO -- empty-ubuntu-1404: 
I, [2015-08-17T17:03:10.659716 #5917]  INFO -- empty-ubuntu-1404: Finished in 0.63287 seconds (files took 0.35021 seconds to load)
I, [2015-08-17T17:03:10.660220 #5917]  INFO -- empty-ubuntu-1404: [32m2 examples, 0 failures[0m
I, [2015-08-17T17:03:10.660546 #5917]  INFO -- empty-ubuntu-1404: 
I, [2015-08-17T17:03:10.715033 #5917]  INFO -- empty-ubuntu-1404: Finished verifying <empty-ubuntu-1404> (0m12.81s).
